[+] Containers:
 |- [+] Container: /Game/ThirdPerson/Maps/ThirdPersonMap
 |   |- [+] ActorDescs:
 |   |   |- Guid:2FB58999456391D349DC0F86DAC136ED BaseClass: NativeClass:/Script/Engine.SkyLight Name:SkyLight_1 Label:SkyLight SpatiallyLoaded:0 Bounds:IsValid=true, Min=(X=0.000 Y=0.000 Z=690.000), Max=(X=0.000 Y=0.000 Z=690.000) RuntimeGrid:None EditorOnly:0 RuntimeOnly:0 HLODRelevant:0 ListedInSceneOutliner:1 IsMainWorldOnly:0 FolderPath:Lighting FolderGuid:963EC3EB4002CCE9759E2EBA541A873A
 |   |   |- Guid:316CF2A6494ACA4C0E4180A87D36AB8F BaseClass: NativeClass:/Script/Engine.ExponentialHeightFog Name:ExponentialHeightFog_0 Label:ExponentialHeightFog SpatiallyLoaded:0 Bounds:IsValid=true, Min=(X=-5600.000 Y=-50.000 Z=-6850.000), Max=(X=-5600.000 Y=-50.000 Z=-6850.000) RuntimeGrid:None EditorOnly:0 RuntimeOnly:0 HLODRelevant:0 ListedInSceneOutliner:1 IsMainWorldOnly:0 FolderPath:Lighting FolderGuid:963EC3EB4002CCE9759E2EBA541A873A
 |   |   |- Guid:3A00AA1C422CE54C0BDB60BAF471BFBB BaseClass: NativeClass:/Script/Engine.PlayerStart Name:PlayerStart_0 Label:PlayerStart SpatiallyLoaded:0 Bounds:IsValid=true, Min=(X=72.056 Y=62.260 Z=57.593), Max=(X=152.056 Y=142.260 Z=241.593) RuntimeGrid:None EditorOnly:0 RuntimeOnly:0 HLODRelevant:0 ListedInSceneOutliner:1 IsMainWorldOnly:0
 |   |   |- Guid:422A824448E92C51B7F5969325D5C8FB BaseClass:/Game/DeliveryBotSim/ConnerG/BP_AI_Female.BP_AI_Female_C NativeClass:/Script/Engine.Character Name:BP_AI_Female_C_UAID_0A0027000010332702_1550180655 Label:BP_AI_Female SpatiallyLoaded:1 Bounds:IsValid=true, Min=(X=206.000 Y=566.000 Z=50.000), Max=(X=276.760 Y=634.840 Z=230.658) RuntimeGrid:None EditorOnly:0 RuntimeOnly:0 HLODRelevant:0 ListedInSceneOutliner:1 IsMainWorldOnly:0
 |   |   |- Guid:4D3BE93F4146AAAC8BBE79999D96D57F BaseClass: NativeClass:/Script/Engine.VolumetricCloud Name:VolumetricCloud_0 Label:VolumetricCloud SpatiallyLoaded:0 Bounds:IsValid=true, Min=(X=0.000 Y=0.000 Z=820.000), Max=(X=0.000 Y=0.000 Z=820.000) RuntimeGrid:None EditorOnly:0 RuntimeOnly:0 HLODRelevant:0 ListedInSceneOutliner:1 IsMainWorldOnly:0 FolderPath:Lighting FolderGuid:963EC3EB4002CCE9759E2EBA541A873A
 |   |   |- Guid:6BAF4DDD444C60371492D3919DB42C97 BaseClass: NativeClass:/Script/Engine.WorldDataLayers Name:WorldDataLayers Label:WorldDataLayers SpatiallyLoaded:0 Bounds:IsValid=true, Min=(X=0.000 Y=0.000 Z=0.000), Max=(X=0.000 Y=0.000 Z=0.000) RuntimeGrid:None EditorOnly:0 RuntimeOnly:0 HLODRelevant:0 ListedInSceneOutliner:1 IsMainWorldOnly:1
 |   |   |- Guid:6F698B9E4716D0878E31F0872EEA7D7B BaseClass: NativeClass:/Script/Engine.TriggerVolume Name:TriggerVolume_UAID_0A002700000FFC2402_1439350865 Label:TriggerVolume3 SpatiallyLoaded:1 Bounds:IsValid=true, Min=(X=182.366 Y=1317.075 Z=49.939), Max=(X=382.366 Y=1517.075 Z=249.939) RuntimeGrid:None EditorOnly:0 RuntimeOnly:0 HLODRelevant:0 ListedInSceneOutliner:1 IsMainWorldOnly:0
 |   |   |- Guid:8F6AAB88413B06CB2F42B38D6658A7AF BaseClass: NativeClass:/Script/NavigationSystem.NavMeshBoundsVolume Name:NavMeshBoundsVolume_UAID_04BF1BC928B6372202_2095608080 Label:NavMeshBoundsVolume SpatiallyLoaded:0 Bounds:IsValid=true, Min=(X=-6020.000 Y=-16350.000 Z=21.486), Max=(X=9980.000 Y=16650.000 Z=578.514) RuntimeGrid:None EditorOnly:0 RuntimeOnly:0 HLODRelevant:0 ListedInSceneOutliner:1 IsMainWorldOnly:0
 |   |   |- Guid:A449688C40DCF616293DFEAC6638051A BaseClass:/Game/DeliveryBotSim/Justin/BP_Waypoint.BP_Waypoint_C NativeClass:/Script/Engine.Actor Name:BP_Waypoint_C_UAID_0A002700000FFC2402_1439353866 Label:BP_Waypoint3 SpatiallyLoaded:1 Bounds:IsValid=true, Min=(X=1064.797 Y=1417.075 Z=149.939), Max=(X=1064.797 Y=1417.075 Z=149.939) RuntimeGrid:None EditorOnly:0 RuntimeOnly:0 HLODRelevant:0 ListedInSceneOutliner:1 IsMainWorldOnly:0 Parent:6F698B9E4716D0878E31F0872EEA7D7B
 |   |   |- Guid:B71CD3144E8A4268D5B8A1BF27ED5C27 BaseClass:/Game/DeliveryBotSim/Justin/BP_Waypoint.BP_Waypoint_C NativeClass:/Script/Engine.Actor Name:BP_Waypoint_C_UAID_0A002700000F7F2402_1895062864 Label:BP_Waypoint SpatiallyLoaded:1 Bounds:IsValid=true, Min=(X=1594.972 Y=1037.397 Z=149.939), Max=(X=1594.972 Y=1037.397 Z=149.939) RuntimeGrid:None EditorOnly:0 RuntimeOnly:0 HLODRelevant:0 ListedInSceneOutliner:1 IsMainWorldOnly:0 Parent:C9D291454ED637599C5F0D8B8E29D575
 |   |   |- Guid:B785ED2844B84CFB91E7F39FE661CD99 BaseClass: NativeClass:/Script/Engine.DirectionalLight Name:DirectionalLight_0 Label:DirectionalLight SpatiallyLoaded:0 Bounds:IsValid=true, Min=(X=-1048576.000 Y=-1048576.000 Z=-1048576.000), Max=(X=1048576.000 Y=1048576.000 Z=1048576.000) RuntimeGrid:None EditorOnly:0 RuntimeOnly:0 HLODRelevant:0 ListedInSceneOutliner:1 IsMainWorldOnly:0 FolderPath:Lighting FolderGuid:963EC3EB4002CCE9759E2EBA541A873A
 |   |   |- Guid:C1503FAA4136BD0383B00CAC82F2E467 BaseClass:/Game/DeliveryBotSim/Justin/BP_Waypoint.BP_Waypoint_C NativeClass:/Script/Engine.Actor Name:BP_Waypoint_C_UAID_0A002700000FFC2402_1423452864 Label:BP_Waypoint2 SpatiallyLoaded:1 Bounds:IsValid=true, Min=(X=1064.797 Y=816.106 Z=149.939), Max=(X=1064.797 Y=816.106 Z=149.939) RuntimeGrid:None EditorOnly:0 RuntimeOnly:0 HLODRelevant:0 ListedInSceneOutliner:1 IsMainWorldOnly:0 Parent:F7974AB84EE31E562F6143932A38E07A
 |   |   |- Guid:C9D291454ED637599C5F0D8B8E29D575 BaseClass: NativeClass:/Script/Engine.TriggerVolume Name:TriggerVolume_UAID_0A002700000F7D2402_1568791511 Label:TriggerVolume SpatiallyLoaded:1 Bounds:IsValid=true, Min=(X=964.797 Y=29.422 Z=49.939), Max=(X=1164.797 Y=229.422 Z=249.939) RuntimeGrid:None EditorOnly:0 RuntimeOnly:0 HLODRelevant:0 ListedInSceneOutliner:1 IsMainWorldOnly:0
 |   |   |- Guid:CCFF262C46EEFFDF319E7F9539CE697E BaseClass: NativeClass:/Script/Engine.SkyAtmosphere Name:SkyAtmosphere_0 Label:SkyAtmosphere SpatiallyLoaded:0 Bounds:IsValid=true, Min=(X=0.000 Y=0.000 Z=1020.000), Max=(X=0.000 Y=0.000 Z=1020.000) RuntimeGrid:None EditorOnly:0 RuntimeOnly:0 HLODRelevant:0 ListedInSceneOutliner:1 IsMainWorldOnly:0 FolderPath:Lighting FolderGuid:963EC3EB4002CCE9759E2EBA541A873A
 |   |   |- Guid:D960266F411CFEABED1A089ADCB46B8D BaseClass:/Game/DeliveryBotSim/ConnerG/BP_Car_Parent.BP_Car_Parent_C NativeClass:/Script/Engine.Actor Name:BP_Car_Parent_C_UAID_0A002700000F212502_1538645376 Label:BP_Car_Parent SpatiallyLoaded:1 Bounds:IsValid=true, Min=(X=9728.777 Y=-1689.590 Z=44.772), Max=(X=10220.173 Y=-1461.831 Z=209.167) RuntimeGrid:None EditorOnly:0 RuntimeOnly:0 HLODRelevant:0 ListedInSceneOutliner:1 IsMainWorldOnly:0
 |   |   |- Guid:DACC0EB645090FDB86BD75A2E3EC6B28 BaseClass: NativeClass:/Script/NavigationSystem.RecastNavMesh Name:RecastNavMesh_UAID_04BF1BC928B6372202-Default Label:RecastNavMesh-Default SpatiallyLoaded:0 Bounds:IsValid=true, Min=(X=0.000 Y=0.000 Z=0.000), Max=(X=0.000 Y=0.000 Z=0.000) RuntimeGrid:None EditorOnly:0 RuntimeOnly:0 HLODRelevant:0 ListedInSceneOutliner:1 IsMainWorldOnly:0
 |   |   |- Guid:E35D68EB4D4A20EA607110B66CB040C0 BaseClass:/Game/DeliveryBotSim/ConnerG/BP_AI_Parent-Male.BP_AI_Parent-Male_C NativeClass:/Script/Engine.Character Name:BP_AI_Parent-Male_C_UAID_0A00270000116E2502_1608981927 Label:BP_AI_Parent-Male SpatiallyLoaded:1 Bounds:IsValid=true, Min=(X=466.000 Y=234.446 Z=50.000), Max=(X=535.821 Y=304.000 Z=230.627) RuntimeGrid:None EditorOnly:0 RuntimeOnly:0 HLODRelevant:0 ListedInSceneOutliner:1 IsMainWorldOnly:0
 |   |   |- Guid:E4E3B9EB4453D9756C43318C595BB1BC BaseClass: NativeClass:/Script/Engine.StaticMeshActor Name:StaticMeshActor_UAID_0A002700000F3E2802_2141027649 Label:DeliveryBotSim-MapLayout_blendnoground SpatiallyLoaded:1 Bounds:IsValid=true, Min=(X=-6090.732 Y=-17176.743 Z=30.862), Max=(X=10452.781 Y=18072.136 Z=51.609) RuntimeGrid:None EditorOnly:0 RuntimeOnly:0 HLODRelevant:1 ListedInSceneOutliner:1 IsMainWorldOnly:0
 |   |   |- Guid:EC4E0C944CE6AC6E784BC6BB2916EA13 BaseClass: NativeClass:/Script/Engine.StaticMeshActor Name:StaticMeshActor_UAID_A4AE111137DC5EFB00_1110535423 Label:SM_SkySphere SpatiallyLoaded:0 Bounds:IsValid=true, Min=(X=-1638400.000 Y=-1638400.000 Z=-1638400.000), Max=(X=1638400.000 Y=1638400.000 Z=1638400.000) RuntimeGrid:None EditorOnly:0 RuntimeOnly:0 HLODRelevant:1 ListedInSceneOutliner:1 IsMainWorldOnly:0 FolderPath:Lighting FolderGuid:963EC3EB4002CCE9759E2EBA541A873A
 |   |   |- Guid:F2D9DEC14F096BFD5FDF23A450F8502C BaseClass:/Game/DeliveryBotSim/Justin/BP_Seal.BP_Seal_C NativeClass:/Script/Engine.Actor Name:BP_Seal_C_UAID_0A002700000F272502_1279812434 Label:BP_Seal SpatiallyLoaded:1 Bounds:IsValid=true, Min=(X=1304.680 Y=1914.680 Z=-37.105), Max=(X=2175.320 Y=2785.320 Z=157.105) RuntimeGrid:None EditorOnly:0 RuntimeOnly:0 HLODRelevant:0 ListedInSceneOutliner:1 IsMainWorldOnly:0
 |   |   |- Guid:F5E3FEB3450C49844FD93DA8E083C8AD BaseClass: NativeClass:/Script/Engine.PostProcessVolume Name:PostProcessVolume_0 Label:PostProcessVolume SpatiallyLoaded:0 Bounds:IsValid=true, Min=(X=0.000 Y=0.000 Z=400.000), Max=(X=200.000 Y=200.000 Z=600.000) RuntimeGrid:None EditorOnly:0 RuntimeOnly:0 HLODRelevant:0 ListedInSceneOutliner:1 IsMainWorldOnly:0 FolderPath:Lighting FolderGuid:963EC3EB4002CCE9759E2EBA541A873A
 |   |   |- Guid:F7974AB84EE31E562F6143932A38E07A BaseClass: NativeClass:/Script/Engine.TriggerVolume Name:TriggerVolume_UAID_0A002700000FFC2402_1414662863 Label:TriggerVolume2 SpatiallyLoaded:1 Bounds:IsValid=true, Min=(X=964.797 Y=716.106 Z=49.939), Max=(X=1164.797 Y=916.106 Z=249.939) RuntimeGrid:None EditorOnly:0 RuntimeOnly:0 HLODRelevant:0 ListedInSceneOutliner:1 IsMainWorldOnly:0
 |   |- [+] Clusters:
 |   |   |- [+] [  0]
 |   |   |   |- Guid:2FB58999456391D349DC0F86DAC136ED BaseClass: NativeClass:/Script/Engine.SkyLight Name:SkyLight_1 Label:SkyLight SpatiallyLoaded:0 Bounds:IsValid=true, Min=(X=0.000 Y=0.000 Z=690.000), Max=(X=0.000 Y=0.000 Z=690.000) RuntimeGrid:None EditorOnly:0 RuntimeOnly:0 HLODRelevant:0 ListedInSceneOutliner:1 IsMainWorldOnly:0 FolderPath:Lighting FolderGuid:963EC3EB4002CCE9759E2EBA541A873A
 |   |   |- [+] [  1]
 |   |   |   |- Guid:316CF2A6494ACA4C0E4180A87D36AB8F BaseClass: NativeClass:/Script/Engine.ExponentialHeightFog Name:ExponentialHeightFog_0 Label:ExponentialHeightFog SpatiallyLoaded:0 Bounds:IsValid=true, Min=(X=-5600.000 Y=-50.000 Z=-6850.000), Max=(X=-5600.000 Y=-50.000 Z=-6850.000) RuntimeGrid:None EditorOnly:0 RuntimeOnly:0 HLODRelevant:0 ListedInSceneOutliner:1 IsMainWorldOnly:0 FolderPath:Lighting FolderGuid:963EC3EB4002CCE9759E2EBA541A873A
 |   |   |- [+] [  2]
 |   |   |   |- Guid:3A00AA1C422CE54C0BDB60BAF471BFBB BaseClass: NativeClass:/Script/Engine.PlayerStart Name:PlayerStart_0 Label:PlayerStart SpatiallyLoaded:0 Bounds:IsValid=true, Min=(X=72.056 Y=62.260 Z=57.593), Max=(X=152.056 Y=142.260 Z=241.593) RuntimeGrid:None EditorOnly:0 RuntimeOnly:0 HLODRelevant:0 ListedInSceneOutliner:1 IsMainWorldOnly:0
 |   |   |- [+] [  3]
 |   |   |   |- Guid:422A824448E92C51B7F5969325D5C8FB BaseClass:/Game/DeliveryBotSim/ConnerG/BP_AI_Female.BP_AI_Female_C NativeClass:/Script/Engine.Character Name:BP_AI_Female_C_UAID_0A0027000010332702_1550180655 Label:BP_AI_Female SpatiallyLoaded:1 Bounds:IsValid=true, Min=(X=206.000 Y=566.000 Z=50.000), Max=(X=276.760 Y=634.840 Z=230.658) RuntimeGrid:None EditorOnly:0 RuntimeOnly:0 HLODRelevant:0 ListedInSceneOutliner:1 IsMainWorldOnly:0
 |   |   |- [+] [  4]
 |   |   |   |- Guid:4D3BE93F4146AAAC8BBE79999D96D57F BaseClass: NativeClass:/Script/Engine.VolumetricCloud Name:VolumetricCloud_0 Label:VolumetricCloud SpatiallyLoaded:0 Bounds:IsValid=true, Min=(X=0.000 Y=0.000 Z=820.000), Max=(X=0.000 Y=0.000 Z=820.000) RuntimeGrid:None EditorOnly:0 RuntimeOnly:0 HLODRelevant:0 ListedInSceneOutliner:1 IsMainWorldOnly:0 FolderPath:Lighting FolderGuid:963EC3EB4002CCE9759E2EBA541A873A
 |   |   |- [+] [  5]
 |   |   |   |- Guid:6BAF4DDD444C60371492D3919DB42C97 BaseClass: NativeClass:/Script/Engine.WorldDataLayers Name:WorldDataLayers Label:WorldDataLayers SpatiallyLoaded:0 Bounds:IsValid=true, Min=(X=0.000 Y=0.000 Z=0.000), Max=(X=0.000 Y=0.000 Z=0.000) RuntimeGrid:None EditorOnly:0 RuntimeOnly:0 HLODRelevant:0 ListedInSceneOutliner:1 IsMainWorldOnly:1
 |   |   |- [+] [  6]
 |   |   |   |- Guid:6F698B9E4716D0878E31F0872EEA7D7B BaseClass: NativeClass:/Script/Engine.TriggerVolume Name:TriggerVolume_UAID_0A002700000FFC2402_1439350865 Label:TriggerVolume3 SpatiallyLoaded:1 Bounds:IsValid=true, Min=(X=182.366 Y=1317.075 Z=49.939), Max=(X=382.366 Y=1517.075 Z=249.939) RuntimeGrid:None EditorOnly:0 RuntimeOnly:0 HLODRelevant:0 ListedInSceneOutliner:1 IsMainWorldOnly:0
 |   |   |   |- Guid:A449688C40DCF616293DFEAC6638051A BaseClass:/Game/DeliveryBotSim/Justin/BP_Waypoint.BP_Waypoint_C NativeClass:/Script/Engine.Actor Name:BP_Waypoint_C_UAID_0A002700000FFC2402_1439353866 Label:BP_Waypoint3 SpatiallyLoaded:1 Bounds:IsValid=true, Min=(X=1064.797 Y=1417.075 Z=149.939), Max=(X=1064.797 Y=1417.075 Z=149.939) RuntimeGrid:None EditorOnly:0 RuntimeOnly:0 HLODRelevant:0 ListedInSceneOutliner:1 IsMainWorldOnly:0 Parent:6F698B9E4716D0878E31F0872EEA7D7B
 |   |   |- [+] [  7]
 |   |   |   |- Guid:8F6AAB88413B06CB2F42B38D6658A7AF BaseClass: NativeClass:/Script/NavigationSystem.NavMeshBoundsVolume Name:NavMeshBoundsVolume_UAID_04BF1BC928B6372202_2095608080 Label:NavMeshBoundsVolume SpatiallyLoaded:0 Bounds:IsValid=true, Min=(X=-6020.000 Y=-16350.000 Z=21.486), Max=(X=9980.000 Y=16650.000 Z=578.514) RuntimeGrid:None EditorOnly:0 RuntimeOnly:0 HLODRelevant:0 ListedInSceneOutliner:1 IsMainWorldOnly:0
 |   |   |- [+] [  8]
 |   |   |   |- Guid:B71CD3144E8A4268D5B8A1BF27ED5C27 BaseClass:/Game/DeliveryBotSim/Justin/BP_Waypoint.BP_Waypoint_C NativeClass:/Script/Engine.Actor Name:BP_Waypoint_C_UAID_0A002700000F7F2402_1895062864 Label:BP_Waypoint SpatiallyLoaded:1 Bounds:IsValid=true, Min=(X=1594.972 Y=1037.397 Z=149.939), Max=(X=1594.972 Y=1037.397 Z=149.939) RuntimeGrid:None EditorOnly:0 RuntimeOnly:0 HLODRelevant:0 ListedInSceneOutliner:1 IsMainWorldOnly:0 Parent:C9D291454ED637599C5F0D8B8E29D575
 |   |   |   |- Guid:C9D291454ED637599C5F0D8B8E29D575 BaseClass: NativeClass:/Script/Engine.TriggerVolume Name:TriggerVolume_UAID_0A002700000F7D2402_1568791511 Label:TriggerVolume SpatiallyLoaded:1 Bounds:IsValid=true, Min=(X=964.797 Y=29.422 Z=49.939), Max=(X=1164.797 Y=229.422 Z=249.939) RuntimeGrid:None EditorOnly:0 RuntimeOnly:0 HLODRelevant:0 ListedInSceneOutliner:1 IsMainWorldOnly:0
 |   |   |- [+] [  9]
 |   |   |   |- Guid:B785ED2844B84CFB91E7F39FE661CD99 BaseClass: NativeClass:/Script/Engine.DirectionalLight Name:DirectionalLight_0 Label:DirectionalLight SpatiallyLoaded:0 Bounds:IsValid=true, Min=(X=-1048576.000 Y=-1048576.000 Z=-1048576.000), Max=(X=1048576.000 Y=1048576.000 Z=1048576.000) RuntimeGrid:None EditorOnly:0 RuntimeOnly:0 HLODRelevant:0 ListedInSceneOutliner:1 IsMainWorldOnly:0 FolderPath:Lighting FolderGuid:963EC3EB4002CCE9759E2EBA541A873A
 |   |   |- [+] [ 10]
 |   |   |   |- Guid:C1503FAA4136BD0383B00CAC82F2E467 BaseClass:/Game/DeliveryBotSim/Justin/BP_Waypoint.BP_Waypoint_C NativeClass:/Script/Engine.Actor Name:BP_Waypoint_C_UAID_0A002700000FFC2402_1423452864 Label:BP_Waypoint2 SpatiallyLoaded:1 Bounds:IsValid=true, Min=(X=1064.797 Y=816.106 Z=149.939), Max=(X=1064.797 Y=816.106 Z=149.939) RuntimeGrid:None EditorOnly:0 RuntimeOnly:0 HLODRelevant:0 ListedInSceneOutliner:1 IsMainWorldOnly:0 Parent:F7974AB84EE31E562F6143932A38E07A
 |   |   |   |- Guid:F7974AB84EE31E562F6143932A38E07A BaseClass: NativeClass:/Script/Engine.TriggerVolume Name:TriggerVolume_UAID_0A002700000FFC2402_1414662863 Label:TriggerVolume2 SpatiallyLoaded:1 Bounds:IsValid=true, Min=(X=964.797 Y=716.106 Z=49.939), Max=(X=1164.797 Y=916.106 Z=249.939) RuntimeGrid:None EditorOnly:0 RuntimeOnly:0 HLODRelevant:0 ListedInSceneOutliner:1 IsMainWorldOnly:0
 |   |   |- [+] [ 11]
 |   |   |   |- Guid:CCFF262C46EEFFDF319E7F9539CE697E BaseClass: NativeClass:/Script/Engine.SkyAtmosphere Name:SkyAtmosphere_0 Label:SkyAtmosphere SpatiallyLoaded:0 Bounds:IsValid=true, Min=(X=0.000 Y=0.000 Z=1020.000), Max=(X=0.000 Y=0.000 Z=1020.000) RuntimeGrid:None EditorOnly:0 RuntimeOnly:0 HLODRelevant:0 ListedInSceneOutliner:1 IsMainWorldOnly:0 FolderPath:Lighting FolderGuid:963EC3EB4002CCE9759E2EBA541A873A
 |   |   |- [+] [ 12]
 |   |   |   |- Guid:D960266F411CFEABED1A089ADCB46B8D BaseClass:/Game/DeliveryBotSim/ConnerG/BP_Car_Parent.BP_Car_Parent_C NativeClass:/Script/Engine.Actor Name:BP_Car_Parent_C_UAID_0A002700000F212502_1538645376 Label:BP_Car_Parent SpatiallyLoaded:1 Bounds:IsValid=true, Min=(X=9728.777 Y=-1689.590 Z=44.772), Max=(X=10220.173 Y=-1461.831 Z=209.167) RuntimeGrid:None EditorOnly:0 RuntimeOnly:0 HLODRelevant:0 ListedInSceneOutliner:1 IsMainWorldOnly:0
 |   |   |- [+] [ 13]
 |   |   |   |- Guid:DACC0EB645090FDB86BD75A2E3EC6B28 BaseClass: NativeClass:/Script/NavigationSystem.RecastNavMesh Name:RecastNavMesh_UAID_04BF1BC928B6372202-Default Label:RecastNavMesh-Default SpatiallyLoaded:0 Bounds:IsValid=true, Min=(X=0.000 Y=0.000 Z=0.000), Max=(X=0.000 Y=0.000 Z=0.000) RuntimeGrid:None EditorOnly:0 RuntimeOnly:0 HLODRelevant:0 ListedInSceneOutliner:1 IsMainWorldOnly:0
 |   |   |- [+] [ 14]
 |   |   |   |- Guid:E35D68EB4D4A20EA607110B66CB040C0 BaseClass:/Game/DeliveryBotSim/ConnerG/BP_AI_Parent-Male.BP_AI_Parent-Male_C NativeClass:/Script/Engine.Character Name:BP_AI_Parent-Male_C_UAID_0A00270000116E2502_1608981927 Label:BP_AI_Parent-Male SpatiallyLoaded:1 Bounds:IsValid=true, Min=(X=466.000 Y=234.446 Z=50.000), Max=(X=535.821 Y=304.000 Z=230.627) RuntimeGrid:None EditorOnly:0 RuntimeOnly:0 HLODRelevant:0 ListedInSceneOutliner:1 IsMainWorldOnly:0
 |   |   |- [+] [ 15]
 |   |   |   |- Guid:E4E3B9EB4453D9756C43318C595BB1BC BaseClass: NativeClass:/Script/Engine.StaticMeshActor Name:StaticMeshActor_UAID_0A002700000F3E2802_2141027649 Label:DeliveryBotSim-MapLayout_blendnoground SpatiallyLoaded:1 Bounds:IsValid=true, Min=(X=-6090.732 Y=-17176.743 Z=30.862), Max=(X=10452.781 Y=18072.136 Z=51.609) RuntimeGrid:None EditorOnly:0 RuntimeOnly:0 HLODRelevant:1 ListedInSceneOutliner:1 IsMainWorldOnly:0
 |   |   |- [+] [ 16]
 |   |   |   |- Guid:EC4E0C944CE6AC6E784BC6BB2916EA13 BaseClass: NativeClass:/Script/Engine.StaticMeshActor Name:StaticMeshActor_UAID_A4AE111137DC5EFB00_1110535423 Label:SM_SkySphere SpatiallyLoaded:0 Bounds:IsValid=true, Min=(X=-1638400.000 Y=-1638400.000 Z=-1638400.000), Max=(X=1638400.000 Y=1638400.000 Z=1638400.000) RuntimeGrid:None EditorOnly:0 RuntimeOnly:0 HLODRelevant:1 ListedInSceneOutliner:1 IsMainWorldOnly:0 FolderPath:Lighting FolderGuid:963EC3EB4002CCE9759E2EBA541A873A
 |   |   |- [+] [ 17]
 |   |   |   |- Guid:F2D9DEC14F096BFD5FDF23A450F8502C BaseClass:/Game/DeliveryBotSim/Justin/BP_Seal.BP_Seal_C NativeClass:/Script/Engine.Actor Name:BP_Seal_C_UAID_0A002700000F272502_1279812434 Label:BP_Seal SpatiallyLoaded:1 Bounds:IsValid=true, Min=(X=1304.680 Y=1914.680 Z=-37.105), Max=(X=2175.320 Y=2785.320 Z=157.105) RuntimeGrid:None EditorOnly:0 RuntimeOnly:0 HLODRelevant:0 ListedInSceneOutliner:1 IsMainWorldOnly:0
 |   |   |- [+] [ 18]
 |   |   |   |- Guid:F5E3FEB3450C49844FD93DA8E083C8AD BaseClass: NativeClass:/Script/Engine.PostProcessVolume Name:PostProcessVolume_0 Label:PostProcessVolume SpatiallyLoaded:0 Bounds:IsValid=true, Min=(X=0.000 Y=0.000 Z=400.000), Max=(X=200.000 Y=200.000 Z=600.000) RuntimeGrid:None EditorOnly:0 RuntimeOnly:0 HLODRelevant:0 ListedInSceneOutliner:1 IsMainWorldOnly:0 FolderPath:Lighting FolderGuid:963EC3EB4002CCE9759E2EBA541A873A
 |- ContainerInstances:
 |- [+] MainContainer:
 |   |-        ID: 00000000000000000000000000000000
 |   |-  ParentID: 00000000000000000000000000000000
 |   |-    Bounds: IsValid=false, Min=(X=0.000 Y=0.000 Z=0.000), Max=(X=0.000 Y=0.000 Z=0.000)
 |   |- Transform: 0.000000,0.000000,0.000000|0.000000,0.000000,-0.000000|1.000000,1.000000,1.000000
 |   |- Container: /Game/ThirdPerson/Maps/ThirdPersonMap
----------------------------------------------------------------------------------------------------------------
ThirdPersonMap - Persistent Level
----------------------------------------------------------------------------------------------------------------
[+] Content of ThirdPersonMap Persistent Level
 |- Always loaded Actor Count: 22 
 |- Actor Path: /Game/ThirdPerson/Maps/ThirdPersonMap.ThirdPersonMap:PersistentLevel.BP_AI_Female_C_UAID_0A0027000010332702_1550180655
 |- Actor Package: /Game/__ExternalActors__/ThirdPerson/Maps/ThirdPersonMap/0/1Q/YKBT4OBGA63CBMCSAIQAGT
 |- Actor Path: /Game/ThirdPerson/Maps/ThirdPersonMap.ThirdPersonMap:PersistentLevel.BP_AI_Parent-Male_C_UAID_0A00270000116E2502_1608981927
 |- Actor Package: /Game/__ExternalActors__/ThirdPerson/Maps/ThirdPersonMap/B/1A/DX9XZE2HSJH1QQMKWHUUZI
 |- Actor Path: /Game/ThirdPerson/Maps/ThirdPersonMap.ThirdPersonMap:PersistentLevel.BP_Car_Parent_C_UAID_0A002700000F212502_1538645376
 |- Actor Package: /Game/__ExternalActors__/ThirdPerson/Maps/ThirdPersonMap/D/7B/FYIYQ3ZFQQN98R31T0IUYT
 |- Actor Path: /Game/ThirdPerson/Maps/ThirdPersonMap.ThirdPersonMap:PersistentLevel.BP_Seal_C_UAID_0A002700000F272502_1279812434
 |- Actor Package: /Game/__ExternalActors__/ThirdPerson/Maps/ThirdPersonMap/C/0I/N1GN45J482MPWSL0VXK7A3
 |- Actor Path: /Game/ThirdPerson/Maps/ThirdPersonMap.ThirdPersonMap:PersistentLevel.BP_Waypoint_C_UAID_0A002700000F7F2402_1895062864
 |- Actor Package: /Game/__ExternalActors__/ThirdPerson/Maps/ThirdPersonMap/3/5B/KJAF0UVZXH1ZWQSF13VBGB
 |- Actor Path: /Game/ThirdPerson/Maps/ThirdPersonMap.ThirdPersonMap:PersistentLevel.BP_Waypoint_C_UAID_0A002700000FFC2402_1423452864
 |- Actor Package: /Game/__ExternalActors__/ThirdPerson/Maps/ThirdPersonMap/E/0F/KOOC13GDI3JEISM7AGKLWM
 |- Actor Path: /Game/ThirdPerson/Maps/ThirdPersonMap.ThirdPersonMap:PersistentLevel.BP_Waypoint_C_UAID_0A002700000FFC2402_1439353866
 |- Actor Package: /Game/__ExternalActors__/ThirdPerson/Maps/ThirdPersonMap/1/TU/J5NSKVZCZ09AFJPQVBNYKX
 |- Actor Path: /Game/ThirdPerson/Maps/ThirdPersonMap.ThirdPersonMap:PersistentLevel.DirectionalLight_0
 |- Actor Package: /Game/__ExternalActors__/ThirdPerson/Maps/ThirdPersonMap/5/R1/TS5OQ5CRUWFZYL1ZQ7I416
 |- Actor Path: /Game/ThirdPerson/Maps/ThirdPersonMap.ThirdPersonMap:PersistentLevel.ExponentialHeightFog_0
 |- Actor Package: /Game/__ExternalActors__/ThirdPerson/Maps/ThirdPersonMap/6/J7/N10XDC9G27EMLS5AGZ6AVV
 |- Actor Path: /Game/ThirdPerson/Maps/ThirdPersonMap.ThirdPersonMap:PersistentLevel.NavMeshBoundsVolume_UAID_04BF1BC928B6372202_2095608080
 |- Actor Package: /Game/__ExternalActors__/ThirdPerson/Maps/ThirdPersonMap/3/N7/FAQ68T9S45PV16JY6UF26Z
 |- Actor Path: /Game/ThirdPerson/Maps/ThirdPersonMap.ThirdPersonMap:PersistentLevel.PlayerStart_0
 |- Actor Package: /Game/__ExternalActors__/ThirdPerson/Maps/ThirdPersonMap/D/DE/SWSI13675DVYIZ0N4NF7Y3
 |- Actor Path: /Game/ThirdPerson/Maps/ThirdPersonMap.ThirdPersonMap:PersistentLevel.PostProcessVolume_0
 |- Actor Package: /Game/__ExternalActors__/ThirdPerson/Maps/ThirdPersonMap/1/AZ/A7GPT109Y6ZTTJD4A7TXER
 |- Actor Path: /Game/ThirdPerson/Maps/ThirdPersonMap.ThirdPersonMap:PersistentLevel.RecastNavMesh_UAID_04BF1BC928B6372202-Default
 |- Actor Package: /Game/__ExternalActors__/ThirdPerson/Maps/ThirdPersonMap/1/HO/WRJZM4GXZJ5ZEIF0R0SH0C
 |- Actor Path: /Game/ThirdPerson/Maps/ThirdPersonMap.ThirdPersonMap:PersistentLevel.SkyAtmosphere_0
 |- Actor Package: /Game/__ExternalActors__/ThirdPerson/Maps/ThirdPersonMap/4/LN/30UBDLYFFA5ZR7U4W4L4GG
 |- Actor Path: /Game/ThirdPerson/Maps/ThirdPersonMap.ThirdPersonMap:PersistentLevel.SkyLight_1
 |- Actor Package: /Game/__ExternalActors__/ThirdPerson/Maps/ThirdPersonMap/8/S1/DXUWD12MD3HRWVVXX076BY
 |- Actor Path: /Game/ThirdPerson/Maps/ThirdPersonMap.ThirdPersonMap:PersistentLevel.StaticMeshActor_UAID_0A002700000F3E2802_2141027649
 |- Actor Package: /Game/__ExternalActors__/ThirdPerson/Maps/ThirdPersonMap/6/7V/280BZBJ6SL0PBUQAP86DBM
 |- Actor Path: /Game/ThirdPerson/Maps/ThirdPersonMap.ThirdPersonMap:PersistentLevel.StaticMeshActor_UAID_A4AE111137DC5EFB00_1110535423
 |- Actor Package: /Game/__ExternalActors__/ThirdPerson/Maps/ThirdPersonMap/4/PN/2QISIGK5DJNQ05US8O8FXW
 |- Actor Path: /Game/ThirdPerson/Maps/ThirdPersonMap.ThirdPersonMap:PersistentLevel.TriggerVolume_UAID_0A002700000F7D2402_1568791511
 |- Actor Package: /Game/__ExternalActors__/ThirdPerson/Maps/ThirdPersonMap/6/PC/JE87XB6SRSB9PTVT3GV3K8
 |- Actor Path: /Game/ThirdPerson/Maps/ThirdPersonMap.ThirdPersonMap:PersistentLevel.TriggerVolume_UAID_0A002700000FFC2402_1414662863
 |- Actor Package: /Game/__ExternalActors__/ThirdPerson/Maps/ThirdPersonMap/2/E7/E8VJ6IYCFN5SJOGOGBKJR9
 |- Actor Path: /Game/ThirdPerson/Maps/ThirdPersonMap.ThirdPersonMap:PersistentLevel.TriggerVolume_UAID_0A002700000FFC2402_1439350865
 |- Actor Package: /Game/__ExternalActors__/ThirdPerson/Maps/ThirdPersonMap/D/HW/SNVXRVOX5BZU18MVV0WNH1
 |- Actor Path: /Game/ThirdPerson/Maps/ThirdPersonMap.ThirdPersonMap:PersistentLevel.VolumetricCloud_0
 |- Actor Package: /Game/__ExternalActors__/ThirdPerson/Maps/ThirdPersonMap/3/EY/87SHEJN5UBEAN2K5OV1G6R
 |- Actor Path: /Game/ThirdPerson/Maps/ThirdPersonMap.ThirdPersonMap:PersistentLevel.WorldDataLayers
 |- Actor Package: /Game/__ExternalActors__/ThirdPerson/Maps/ThirdPersonMap/0/43/HYQWORMY4JDQ5X3OKZXFLC

----------------------------------------------------------------------------------------------------------------
ThirdPersonMap - Runtime Spatial Hash
----------------------------------------------------------------------------------------------------------------
[+] StreamingGrids
 |- [+] MainGrid
 |   |-             Origin: X=0.000 Y=0.000 Z=0.000
 |   |-          Cell Size: 12800
 |   |-       World Bounds: IsValid=false, Min=(X=0.000 Y=0.000 Z=0.000), Max=(X=0.000 Y=0.000 Z=0.000)
 |   |-      Loading Range: 25600.00
 |   |- Block Slow Loading: No
 |   |-  ClientOnlyVisible: No
 |   |- 
 |   |- [+] Grid Levels: 1
 |   |   |- Level  0: Cell Count    0 | Cell Size   12800 | Actor Count    0 (0.0%)
 |   |- 
 |   |- [+] Content of Grid Level 0
 |   |- 
